# JRE version: OpenJDK Runtime Environment Corretto-11.0.18.10.1 (11.0.18+10) (build 11.0.18+10-LTS)
# Java VM: OpenJDK 64-Bit Server VM Corretto-11.0.18.10.1 (11.0.18+10-LTS, mixed mode, tiered, compressed oops, g1 gc, windows-amd64)
Heap:
 garbage-first heap   total 262144K, used 44292K [0x00000000e0000000, 0x0000000100000000)
  region size 1024K, 28 young (28672K), 1 survivors (1024K)
 Metaspace       used 20762K, capacity 21208K, committed 21296K, reserved 274432K
  class space    used 2511K, capacity 2650K, committed 2688K, reserved 253952K
GC Heap History (9 events):
Event: 14.079 GC heap before
{Heap before GC invocations=0 (full 0):
 garbage-first heap   total 262144K, used 17408K [0x00000000e0000000, 0x0000000100000000)
  region size 1024K, 14 young (14336K), 0 survivors (0K)
 Metaspace       used 6778K, capacity 6991K, committed 7168K, reserved 262144K
  class space    used 573K, capacity 649K, committed 768K, reserved 253952K
}
Event: 14.091 GC heap after
{Heap after GC invocations=1 (full 0):
 garbage-first heap   total 262144K, used 7623K [0x00000000e0000000, 0x0000000100000000)
  region size 1024K, 2 young (2048K), 2 survivors (2048K)
 Metaspace       used 6778K, capacity 6991K, committed 7168K, reserved 262144K
  class space    used 573K, capacity 649K, committed 768K, reserved 253952K
}
Event: 16.447 GC heap before
{Heap before GC invocations=1 (full 0):
 garbage-first heap   total 262144K, used 18887K [0x00000000e0000000, 0x0000000100000000)
  region size 1024K, 13 young (13312K), 2 survivors (2048K)
 Metaspace       used 10222K, capacity 10488K, committed 10624K, reserved 264192K
  class space    used 1045K, capacity 1137K, committed 1152K, reserved 253952K
}
Event: 16.452 GC heap after
{Heap after GC invocations=2 (full 0):
 garbage-first heap   total 262144K, used 9816K [0x00000000e0000000, 0x0000000100000000)
  region size 1024K, 2 young (2048K), 2 survivors (2048K)
 Metaspace       used 10222K, capacity 10488K, committed 10624K, reserved 264192K
  class space    used 1045K, capacity 1137K, committed 1152K, reserved 253952K
}
Event: 27.464 GC heap before
{Heap before GC invocations=2 (full 0):
 garbage-first heap   total 262144K, used 39512K [0x00000000e0000000, 0x0000000100000000)
  region size 1024K, 30 young (30720K), 2 survivors (2048K)
 Metaspace       used 11288K, capacity 11633K, committed 11776K, reserved 266240K
  class space    used 1147K, capacity 1241K, committed 1280K, reserved 253952K
}
Event: 27.470 GC heap after
{Heap after GC invocations=3 (full 0):
 garbage-first heap   total 262144K, used 12549K [0x00000000e0000000, 0x0000000100000000)
  region size 1024K, 4 young (4096K), 4 survivors (4096K)
 Metaspace       used 11288K, capacity 11633K, committed 11776K, reserved 266240K
  class space    used 1147K, capacity 1241K, committed 1280K, reserved 253952K
}
Event: 38.302 GC heap before
{Heap before GC invocations=3 (full 0):
 garbage-first heap   total 262144K, used 54533K [0x00000000e0000000, 0x0000000100000000)
  region size 1024K, 45 young (46080K), 4 survivors (4096K)
 Metaspace       used 17910K, capacity 18327K, committed 18432K, reserved 270336K
  class space    used 2080K, capacity 2242K, committed 2304K, reserved 253952K
}
Event: 38.313 GC heap after
{Heap after GC invocations=4 (full 0):
 garbage-first heap   total 262144K, used 16879K [0x00000000e0000000, 0x0000000100000000)
  region size 1024K, 6 young (6144K), 6 survivors (6144K)
 Metaspace       used 17910K, capacity 18327K, committed 18432K, reserved 270336K
  class space    used 2080K, capacity 2242K, committed 2304K, reserved 253952K
}
Event: 38.731 GC heap before
{Heap before GC invocations=4 (full 0):
 garbage-first heap   total 262144K, used 43503K [0x00000000e0000000, 0x0000000100000000)
  region size 1024K, 33 young (33792K), 6 survivors (6144K)
 Metaspace       used 20762K, capacity 21208K, committed 21296K, reserved 274432K
  class space    used 2511K, capacity 2650K, committed 2688K, reserved 253952K
}

